1. the: 5609
2. and: 3010
3. i: 2959
4. to: 2684
5. of: 2646
6. a: 2636
7. in: 1762
8. that: 1744
9. it: 1701
10. you: 1481
11. he: 1467
12. was: 1410
13. his: 1159
14. is: 1124
15. my: 1007
16. have: 924
17. as: 852
18. had: 830
19. with: 829
20. which: 771
21. at: 768
22. for: 726
23. but: 651
24. not: 636
25. me: 635
26. be: 627
27. we: 524
28. there: 503
29. from: 497
30. this: 488
31. said: 486
32. upon: 465
33. holmes: 461
34. so: 448
35. him: 434
36. her: 430
37. she: 426
38. very: 400
39. your: 396
40. been: 393
41. no: 390
42. all: 387
43. what: 387
44. on: 380
45. one: 372
46. then: 367
47. were: 349
48. by: 344
49. are: 335
50. an: 332
51. would: 327
52. when: 322
53. out: 318
54. up: 301
55. man: 288
56. could: 286
57. do: 284
58. has: 284
59. into: 275
60. mr: 275
61. who: 271
62. little: 269
63. will: 262
64. if: 260
65. some: 244
66. now: 234
67. down: 229
68. see: 229
69. they: 199
70. may: 197
71. more: 174
72. our: 131
73. should: 130
74. or: 114
75. think: 106
76. over: 101
77. am: 98
78. well: 97
79. come: 96
80. us: 96
