1. zigzag: 1
2. zest: 1
3. zero-point: 1
4. youngster: 1
5. you've: 1
6. yonder: 1
7. yellow-backed: 1
8. yell: 1
9. yawning: 1
10. xii: 1
11. xi: 1
12. x: 1
13. wrote: 1
14. writhing: 1
15. wrists: 1
16. wrinkles: 1
17. wrenching: 1
18. wreaths: 1
19. wreath: 1
20. wounded: 1
21. worst: 1
22. worry: 1
23. worm-eaten: 1
24. worlds: 1
25. world-wide: 1
26. workmen: 1
27. worked: 1
28. wooing: 1
29. wooden-legged: 1
30. wooden-leg: 1
31. wonderfully: 1
32. wonderful: 1
33. wondered: 1
34. womanly: 1
35. womanhood: 1
36. woke: 1
37. withdraw: 1
38. wishing: 1
39. wisely: 1
40. wiry: 1
41. wintry: 1
42. winter: 1
43. wink: 1
44. wine-cellar: 1
45. window-sill: 1
46. windfall: 1
47. wind-swept: 1
48. wincing: 1
49. wimpole: 1
50. wilton: 1
51. will-o'-the-wisp: 1
52. wigmore: 1
53. widow: 1
54. wicket: 1
55. wicker-work: 1
56. wholesome: 1
57. whoever: 1
58. whittington: 1
59. whiter: 1
60. whiten: 1
61. white-counterpaned: 1
62. white-aproned: 1
63. whisky: 1
64. whishing: 1
65. whined: 1
66. whine: 1
67. whims: 1
68. wherever: 1
69. where's: 1
70. whenever: 1
71. wheels: 1
72. westphail: 1
73. western: 1
74. westbury: 1
75. westaway's: 1
76. westaway: 1
77. well-to-do: 1
78. well-opened: 1
79. well-cut: 1
80. weighed: 1
